This file contains any messages produced by compilers while
running configure, to aid debugging if configure makes a mistake.

It was created by breakpad configure 0.1, which was
generated by GNU Autoconf 2.69.  Invocation command line was

  $ ./configure arm-linux-androideabi arm-linux-androideabi

## --------- ##
## Platform. ##
## --------- ##

hostname = MY-PC
uname -m = i686
uname -r = 1.7.33-2(0.280/5/3)
uname -s = CYGWIN_NT-6.1
uname -v = 2014-11-13 15:45

/usr/bin/uname -p = unknown
/bin/uname -X     = unknown

/bin/arch              = i686
/usr/bin/arch -k       = unknown
/usr/convex/getsysinfo = unknown
/usr/bin/hostinfo      = unknown
/bin/machine           = unknown
/usr/bin/oslevel       = unknown
/bin/universe          = unknown

PATH: /usr/local/bin
PATH: /usr/bin
PATH: /cygdrive/c/ProgramData/Oracle/Java/javapath
PATH: /cygdrive/c/Program Files/Wizvera/Delfino
PATH: /cygdrive/c/Windows/system32
PATH: /cygdrive/c/Windows
PATH: /cygdrive/c/Windows/System32/Wbem
PATH: /cygdrive/c/Windows/System32/WindowsPowerShell/v1.0
PATH: /cygdrive/d/android_ndk/android-ndk-r10c
PATH: /cygdrive/d/android-sdk-windows/platform-tools
PATH: /usr/bin
PATH: /cygdrive/c/Program Files/Java/jdk1.8.0_25/bin
PATH: /cygdrive/d/android-sdk-windows/tools
PATH: /cygdrive/d/apache-ant-1.9.4/bin


## ----------- ##
## Core tests. ##
## ----------- ##

configure:2216: checking build system type
configure:2230: result: arm-unknown-linux-androideabi
configure:2250: checking host system type
configure:2263: result: arm-unknown-linux-androideabi
configure:2300: checking for a BSD-compatible install
configure:2368: result: /usr/bin/install -c
configure:2379: checking whether build environment is sane
configure:2434: result: yes
configure:2585: checking for a thread-safe mkdir -p
configure:2624: result: /usr/bin/mkdir -p
configure:2631: checking for gawk
configure:2647: found /usr/bin/gawk
configure:2658: result: gawk
configure:2669: checking whether make sets $(MAKE)
configure:2691: result: yes
configure:2720: checking whether make supports nested variables
configure:2737: result: yes
configure:2826: checking whether UID '1000' is supported by ustar format
configure:2829: result: yes
configure:2836: checking whether GID '513' is supported by ustar format
configure:2839: result: yes
configure:2847: checking how to create a ustar tar archive
configure:2858: tar --version
tar (GNU tar) 1.27.1
Packaged by Cygwin (1.27.1-1)
Copyright (C) 2013 Free Software Foundation, Inc.
License GPLv3+: GNU GPL version 3 or later <http://gnu.org/licenses/gpl.html>.
This is free software: you are free to change and redistribute it.
There is NO WARRANTY, to the extent permitted by law.

Written by John Gilmore and Jay Fenlason.
configure:2861: $? = 0
configure:2901: tardir=conftest.dir && eval tar --format=ustar -chf - "$tardir" >conftest.tar
configure:2904: $? = 0
configure:2908: tar -xf - <conftest.tar
configure:2911: $? = 0
configure:2913: cat conftest.dir/file
GrepMe
configure:2916: $? = 0
configure:2929: result: gnutar
configure:2981: checking whether to enable maintainer-specific portions of Makefiles
configure:2990: result: no
configure:3016: checking for style of include used by make
configure:3044: result: GNU
configure:3075: checking for arm-linux-androideabi-gcc
configure:3105: result: no
configure:3115: checking for gcc
configure:3131: found /usr/bin/gcc
configure:3142: result: gcc
configure:3371: checking for C compiler version
configure:3380: gcc --version >&5
gcc (GCC) 4.8.3
Copyright (C) 2013 Free Software Foundation, Inc.
This is free software; see the source for copying conditions.  There is NO
warranty; not even for MERCHANTABILITY or FITNESS FOR A PARTICULAR PURPOSE.

configure:3391: $? = 0
configure:3380: gcc -v >&5
Using built-in specs.
COLLECT_GCC=gcc
COLLECT_LTO_WRAPPER=/usr/lib/gcc/i686-pc-cygwin/4.8.3/lto-wrapper.exe
Target: i686-pc-cygwin
Configured with: /cygdrive/i/szsz/tmpp/gcc_old/gcc-4.8.3-4.i686/src/gcc-4.8.3/configure --srcdir=/cygdrive/i/szsz/tmpp/gcc_old/gcc-4.8.3-4.i686/src/gcc-4.8.3 --prefix=/usr --exec-prefix=/usr --bindir=/usr/bin --sbindir=/usr/sbin --libexecdir=/usr/libexec --datadir=/usr/share --localstatedir=/var --sysconfdir=/etc --libdir=/usr/lib --datarootdir=/usr/share --docdir=/usr/share/doc/gcc --htmldir=/usr/share/doc/gcc/html -C --build=i686-pc-cygwin --host=i686-pc-cygwin --target=i686-pc-cygwin --without-libiconv-prefix --without-libintl-prefix --libexecdir=/usr/lib --enable-shared --enable-shared-libgcc --enable-static --enable-version-specific-runtime-libs --enable-bootstrap --enable-__cxa_atexit --with-dwarf2 --with-arch=i686 --with-tune=generic --disable-sjlj-exceptions --enable-languages=ada,c,c++,fortran,java,lto,objc,obj-c++ --enable-graphite --enable-threads=posix --enable-libatomic --enable-libgomp --disable-libitm --enable-libquadmath --enable-libquadmath-support --enable-libssp --enable-libada --enable-libjava --enable-libgcj-sublibs --disable-java-awt --disable-symvers --with-ecj-jar=/usr/share/java/ecj.jar --with-gnu-ld --with-gnu-as --with-cloog-include=/usr/include/cloog-isl --without-libiconv-prefix --without-libintl-prefix --with-system-zlib --enable-linker-build-id
Thread model: posix
gcc version 4.8.3 (GCC) 
configure:3391: $? = 0
configure:3380: gcc -V >&5
gcc: error: unrecognized command line option '-V'
gcc: fatal error: no input files
compilation terminated.
configure:3391: $? = 1
configure:3380: gcc -qversion >&5
gcc: error: unrecognized command line option '-qversion'
gcc: fatal error: no input files
compilation terminated.
configure:3391: $? = 1
configure:3411: checking whether the C compiler works
configure:3433: gcc    conftest.c  >&5
configure:3437: $? = 0
configure:3485: result: yes
configure:3488: checking for C compiler default output file name
configure:3490: result: a.exe
configure:3496: checking for suffix of executables
configure:3503: gcc -o conftest.exe    conftest.c  >&5
configure:3507: $? = 0
configure:3529: result: .exe
configure:3551: checking whether we are cross compiling
configure:3559: gcc -o conftest.exe    conftest.c  >&5
configure:3563: $? = 0
configure:3570: ./conftest.exe
configure:3574: $? = 0
configure:3589: result: no
configure:3594: checking for suffix of object files
configure:3616: gcc -c   conftest.c >&5
configure:3620: $? = 0
configure:3641: result: o
configure:3645: checking whether we are using the GNU C compiler
configure:3664: gcc -c   conftest.c >&5
configure:3664: $? = 0
configure:3673: result: yes
configure:3682: checking whether gcc accepts -g
configure:3702: gcc -c -g  conftest.c >&5
configure:3702: $? = 0
configure:3743: result: yes
configure:3760: checking for gcc option to accept ISO C89
configure:3823: gcc  -c -g -O2  conftest.c >&5
configure:3823: $? = 0
configure:3836: result: none needed
configure:3861: checking whether gcc understands -c and -o together
configure:3883: gcc -c conftest.c -o conftest2.o
configure:3886: $? = 0
configure:3883: gcc -c conftest.c -o conftest2.o
configure:3886: $? = 0
configure:3898: result: yes
configure:3917: checking dependency style of gcc
configure:4028: result: none
configure:4052: checking dependency style of gcc
configure:4161: result: none
configure:4184: checking for arm-linux-androideabi-gcc
configure:4211: result: gcc
configure:4480: checking for C compiler version
configure:4489: gcc --version >&5
gcc (GCC) 4.8.3
Copyright (C) 2013 Free Software Foundation, Inc.
This is free software; see the source for copying conditions.  There is NO
warranty; not even for MERCHANTABILITY or FITNESS FOR A PARTICULAR PURPOSE.

configure:4500: $? = 0
configure:4489: gcc -v >&5
Using built-in specs.
COLLECT_GCC=gcc
COLLECT_LTO_WRAPPER=/usr/lib/gcc/i686-pc-cygwin/4.8.3/lto-wrapper.exe
Target: i686-pc-cygwin
Configured with: /cygdrive/i/szsz/tmpp/gcc_old/gcc-4.8.3-4.i686/src/gcc-4.8.3/configure --srcdir=/cygdrive/i/szsz/tmpp/gcc_old/gcc-4.8.3-4.i686/src/gcc-4.8.3 --prefix=/usr --exec-prefix=/usr --bindir=/usr/bin --sbindir=/usr/sbin --libexecdir=/usr/libexec --datadir=/usr/share --localstatedir=/var --sysconfdir=/etc --libdir=/usr/lib --datarootdir=/usr/share --docdir=/usr/share/doc/gcc --htmldir=/usr/share/doc/gcc/html -C --build=i686-pc-cygwin --host=i686-pc-cygwin --target=i686-pc-cygwin --without-libiconv-prefix --without-libintl-prefix --libexecdir=/usr/lib --enable-shared --enable-shared-libgcc --enable-static --enable-version-specific-runtime-libs --enable-bootstrap --enable-__cxa_atexit --with-dwarf2 --with-arch=i686 --with-tune=generic --disable-sjlj-exceptions --enable-languages=ada,c,c++,fortran,java,lto,objc,obj-c++ --enable-graphite --enable-threads=posix --enable-libatomic --enable-libgomp --disable-libitm --enable-libquadmath --enable-libquadmath-support --enable-libssp --enable-libada --enable-libjava --enable-libgcj-sublibs --disable-java-awt --disable-symvers --with-ecj-jar=/usr/share/java/ecj.jar --with-gnu-ld --with-gnu-as --with-cloog-include=/usr/include/cloog-isl --without-libiconv-prefix --without-libintl-prefix --with-system-zlib --enable-linker-build-id
Thread model: posix
gcc version 4.8.3 (GCC) 
configure:4500: $? = 0
configure:4489: gcc -V >&5
gcc: error: unrecognized command line option '-V'
gcc: fatal error: no input files
compilation terminated.
configure:4500: $? = 1
configure:4489: gcc -qversion >&5
gcc: error: unrecognized command line option '-qversion'
gcc: fatal error: no input files
compilation terminated.
configure:4500: $? = 1
configure:4504: checking whether we are using the GNU C compiler
configure:4532: result: yes
configure:4541: checking whether gcc accepts -g
configure:4602: result: yes
configure:4619: checking for gcc option to accept ISO C89
configure:4695: result: none needed
configure:4720: checking whether gcc understands -c and -o together
configure:4757: result: yes
configure:4776: checking dependency style of gcc
configure:4887: result: none
configure:4908: checking how to run the C preprocessor
configure:4939: gcc -E  conftest.c
configure:4939: $? = 0
configure:4953: gcc -E  conftest.c
conftest.c:11:28: fatal error: ac_nonexistent.h: No such file or directory
 #include <ac_nonexistent.h>
                            ^
compilation terminated.
configure:4953: $? = 1
configure: failed program was:
| /* confdefs.h */
| #define PACKAGE_NAME "breakpad"
| #define PACKAGE_TARNAME "breakpad"
| #define PACKAGE_VERSION "0.1"
| #define PACKAGE_STRING "breakpad 0.1"
| #define PACKAGE_BUGREPORT "google-breakpad-dev@googlegroups.com"
| #define PACKAGE_URL ""
| #define PACKAGE "breakpad"
| #define VERSION "0.1"
| /* end confdefs.h.  */
| #include <ac_nonexistent.h>
configure:4978: result: gcc -E
configure:4998: gcc -E  conftest.c
configure:4998: $? = 0
configure:5012: gcc -E  conftest.c
conftest.c:11:28: fatal error: ac_nonexistent.h: No such file or directory
 #include <ac_nonexistent.h>
                            ^
compilation terminated.
configure:5012: $? = 1
configure: failed program was:
| /* confdefs.h */
| #define PACKAGE_NAME "breakpad"
| #define PACKAGE_TARNAME "breakpad"
| #define PACKAGE_VERSION "0.1"
| #define PACKAGE_STRING "breakpad 0.1"
| #define PACKAGE_BUGREPORT "google-breakpad-dev@googlegroups.com"
| #define PACKAGE_URL ""
| #define PACKAGE "breakpad"
| #define VERSION "0.1"
| /* end confdefs.h.  */
| #include <ac_nonexistent.h>
configure:5054: checking for arm-linux-androideabi-g++
configure:5084: result: no
configure:5054: checking for arm-linux-androideabi-c++
configure:5084: result: no
configure:5054: checking for arm-linux-androideabi-gpp
configure:5084: result: no
configure:5054: checking for arm-linux-androideabi-aCC
configure:5084: result: no
configure:5054: checking for arm-linux-androideabi-CC
configure:5084: result: no
configure:5054: checking for arm-linux-androideabi-cxx
configure:5084: result: no
configure:5054: checking for arm-linux-androideabi-cc++
configure:5084: result: no
configure:5054: checking for arm-linux-androideabi-cl.exe
configure:5084: result: no
configure:5054: checking for arm-linux-androideabi-FCC
configure:5084: result: no
configure:5054: checking for arm-linux-androideabi-KCC
configure:5084: result: no
configure:5054: checking for arm-linux-androideabi-RCC
configure:5084: result: no
configure:5054: checking for arm-linux-androideabi-xlC_r
configure:5084: result: no
configure:5054: checking for arm-linux-androideabi-xlC
configure:5084: result: no
configure:5098: checking for g++
configure:5114: found /usr/bin/g++
configure:5125: result: g++
configure:5152: checking for C++ compiler version
configure:5161: g++ --version >&5
g++ (GCC) 4.8.3
Copyright (C) 2013 Free Software Foundation, Inc.
This is free software; see the source for copying conditions.  There is NO
warranty; not even for MERCHANTABILITY or FITNESS FOR A PARTICULAR PURPOSE.

configure:5172: $? = 0
configure:5161: g++ -v >&5
Using built-in specs.
COLLECT_GCC=g++
COLLECT_LTO_WRAPPER=/usr/lib/gcc/i686-pc-cygwin/4.8.3/lto-wrapper.exe
Target: i686-pc-cygwin
Configured with: /cygdrive/i/szsz/tmpp/gcc_old/gcc-4.8.3-4.i686/src/gcc-4.8.3/configure --srcdir=/cygdrive/i/szsz/tmpp/gcc_old/gcc-4.8.3-4.i686/src/gcc-4.8.3 --prefix=/usr --exec-prefix=/usr --bindir=/usr/bin --sbindir=/usr/sbin --libexecdir=/usr/libexec --datadir=/usr/share --localstatedir=/var --sysconfdir=/etc --libdir=/usr/lib --datarootdir=/usr/share --docdir=/usr/share/doc/gcc --htmldir=/usr/share/doc/gcc/html -C --build=i686-pc-cygwin --host=i686-pc-cygwin --target=i686-pc-cygwin --without-libiconv-prefix --without-libintl-prefix --libexecdir=/usr/lib --enable-shared --enable-shared-libgcc --enable-static --enable-version-specific-runtime-libs --enable-bootstrap --enable-__cxa_atexit --with-dwarf2 --with-arch=i686 --with-tune=generic --disable-sjlj-exceptions --enable-languages=ada,c,c++,fortran,java,lto,objc,obj-c++ --enable-graphite --enable-threads=posix --enable-libatomic --enable-libgomp --disable-libitm --enable-libquadmath --enable-libquadmath-support --enable-libssp --enable-libada --enable-libjava --enable-libgcj-sublibs --disable-java-awt --disable-symvers --with-ecj-jar=/usr/share/java/ecj.jar --with-gnu-ld --with-gnu-as --with-cloog-include=/usr/include/cloog-isl --without-libiconv-prefix --without-libintl-prefix --with-system-zlib --enable-linker-build-id
Thread model: posix
gcc version 4.8.3 (GCC) 
configure:5172: $? = 0
configure:5161: g++ -V >&5
g++: error: unrecognized command line option '-V'
g++: fatal error: no input files
compilation terminated.
configure:5172: $? = 1
configure:5161: g++ -qversion >&5
g++: error: unrecognized command line option '-qversion'
g++: fatal error: no input files
compilation terminated.
configure:5172: $? = 1
configure:5176: checking whether we are using the GNU C++ compiler
configure:5195: g++ -c   conftest.cpp >&5
configure:5195: $? = 0
configure:5204: result: yes
configure:5213: checking whether g++ accepts -g
configure:5233: g++ -c -g  conftest.cpp >&5
configure:5233: $? = 0
configure:5274: result: yes
configure:5299: checking dependency style of g++
configure:5410: result: none
configure:5428: checking for arm-linux-androideabi-ranlib
configure:5458: result: no
configure:5468: checking for ranlib
configure:5484: found /usr/bin/ranlib
configure:5495: result: ranlib
configure:5548: checking for grep that handles long lines and -e
configure:5606: result: /usr/bin/grep
configure:5611: checking for egrep
configure:5673: result: /usr/bin/grep -E
configure:5678: checking for ANSI C header files
configure:5698: gcc -c -g -O2  conftest.c >&5
configure:5698: $? = 0
configure:5771: gcc -o conftest.exe -g -O2   conftest.c  >&5
configure:5771: $? = 0
configure:5771: ./conftest.exe
configure:5771: $? = 0
configure:5782: result: yes
configure:5797: checking for special C compiler options needed for large files
configure:5842: result: no
configure:5848: checking for _FILE_OFFSET_BITS value needed for large files
configure:5873: gcc -c -g -O2  conftest.c >&5
configure:5873: $? = 0
configure:5905: result: no
configure:6257: checking for the pthreads library -lpthreads
configure:6295: gcc -o conftest.exe -g -O2    conftest.c -lpthreads  >&5
/usr/lib/gcc/i686-pc-cygwin/4.8.3/../../../../i686-pc-cygwin/bin/ld: cannot find -lpthreads
collect2: error: ld returned 1 exit status
configure:6295: $? = 1
configure: failed program was:
| /* confdefs.h */
| #define PACKAGE_NAME "breakpad"
| #define PACKAGE_TARNAME "breakpad"
| #define PACKAGE_VERSION "0.1"
| #define PACKAGE_STRING "breakpad 0.1"
| #define PACKAGE_BUGREPORT "google-breakpad-dev@googlegroups.com"
| #define PACKAGE_URL ""
| #define PACKAGE "breakpad"
| #define VERSION "0.1"
| #define STDC_HEADERS 1
| /* end confdefs.h.  */
| #include <pthread.h>
| 	             static void routine(void* a) {a=0;}
| 	             static void* start_routine(void* a) {return a;}
| int
| main ()
| {
| pthread_t th; pthread_attr_t attr;
|                      pthread_join(th, 0);
|                      pthread_attr_init(&attr);
|                      pthread_cleanup_push(routine, 0);
|                      pthread_create(&th,0,start_routine,0);
|                      pthread_cleanup_pop(0);
|   ;
|   return 0;
| }
configure:6304: result: no
configure:6202: checking whether pthreads work without any flags
configure:6295: gcc -o conftest.exe -g -O2    conftest.c   >&5
configure:6295: $? = 0
configure:6304: result: yes
configure:6323: checking for joinable pthread attribute
configure:6338: gcc -o conftest.exe -g -O2    conftest.c   >&5
configure:6338: $? = 0
configure:6344: result: PTHREAD_CREATE_JOINABLE
configure:6354: checking if more special flags are required for pthreads
configure:6361: result: no
configure:6448: checking for sys/types.h
configure:6448: gcc -c -g -O2  conftest.c >&5
configure:6448: $? = 0
configure:6448: result: yes
configure:6448: checking for sys/stat.h
configure:6448: gcc -c -g -O2  conftest.c >&5
configure:6448: $? = 0
configure:6448: result: yes
configure:6448: checking for stdlib.h
configure:6448: gcc -c -g -O2  conftest.c >&5
configure:6448: $? = 0
configure:6448: result: yes
configure:6448: checking for string.h
configure:6448: gcc -c -g -O2  conftest.c >&5
configure:6448: $? = 0
configure:6448: result: yes
configure:6448: checking for memory.h
configure:6448: gcc -c -g -O2  conftest.c >&5
configure:6448: $? = 0
configure:6448: result: yes
configure:6448: checking for strings.h
configure:6448: gcc -c -g -O2  conftest.c >&5
configure:6448: $? = 0
configure:6448: result: yes
configure:6448: checking for inttypes.h
configure:6448: gcc -c -g -O2  conftest.c >&5
configure:6448: $? = 0
configure:6448: result: yes
configure:6448: checking for stdint.h
configure:6448: gcc -c -g -O2  conftest.c >&5
configure:6448: $? = 0
configure:6448: result: yes
configure:6448: checking for unistd.h
configure:6448: gcc -c -g -O2  conftest.c >&5
configure:6448: $? = 0
configure:6448: result: yes
configure:6462: checking a.out.h usability
configure:6462: gcc -c -g -O2  conftest.c >&5
configure:6462: $? = 0
configure:6462: result: yes
configure:6462: checking a.out.h presence
configure:6462: gcc -E  conftest.c
configure:6462: $? = 0
configure:6462: result: yes
configure:6462: checking for a.out.h
configure:6462: result: yes
configure:6696: checking that generated files are newer than configure
configure:6702: result: done
configure:6765: creating ./config.status

## ---------------------- ##
## Running config.status. ##
## ---------------------- ##

This file was extended by breakpad config.status 0.1, which was
generated by GNU Autoconf 2.69.  Invocation command line was

  CONFIG_FILES    = 
  CONFIG_HEADERS  = 
  CONFIG_LINKS    = 
  CONFIG_COMMANDS = 
  $ ./config.status 

on MY-PC

config.status:895: creating breakpad.pc
config.status:895: creating breakpad-client.pc
config.status:895: creating Makefile
config.status:895: creating src/config.h
config.status:1076: src/config.h is unchanged
config.status:1124: executing depfiles commands

## ---------------- ##
## Cache variables. ##
## ---------------- ##

ac_cv_build=arm-unknown-linux-androideabi
ac_cv_c_compiler_gnu=yes
ac_cv_cxx_compiler_gnu=yes
ac_cv_env_CCASFLAGS_set=
ac_cv_env_CCASFLAGS_value=
ac_cv_env_CCAS_set=
ac_cv_env_CCAS_value=
ac_cv_env_CCC_set=
ac_cv_env_CCC_value=
ac_cv_env_CC_set=
ac_cv_env_CC_value=
ac_cv_env_CFLAGS_set=
ac_cv_env_CFLAGS_value=
ac_cv_env_CPPFLAGS_set=
ac_cv_env_CPPFLAGS_value=
ac_cv_env_CPP_set=
ac_cv_env_CPP_value=
ac_cv_env_CXXFLAGS_set=
ac_cv_env_CXXFLAGS_value=
ac_cv_env_CXX_set=
ac_cv_env_CXX_value=
ac_cv_env_LDFLAGS_set=
ac_cv_env_LDFLAGS_value=
ac_cv_env_LIBS_set=
ac_cv_env_LIBS_value=
ac_cv_env_build_alias_set=set
ac_cv_env_build_alias_value=arm-linux-androideabi
ac_cv_env_host_alias_set=set
ac_cv_env_host_alias_value=arm-linux-androideabi
ac_cv_env_target_alias_set=set
ac_cv_env_target_alias_value=arm-linux-androideabi
ac_cv_exeext=.exe
ac_cv_header_a_out_h=yes
ac_cv_header_inttypes_h=yes
ac_cv_header_memory_h=yes
ac_cv_header_stdc=yes
ac_cv_header_stdint_h=yes
ac_cv_header_stdlib_h=yes
ac_cv_header_string_h=yes
ac_cv_header_strings_h=yes
ac_cv_header_sys_stat_h=yes
ac_cv_header_sys_types_h=yes
ac_cv_header_unistd_h=yes
ac_cv_host=arm-unknown-linux-androideabi
ac_cv_objext=o
ac_cv_path_EGREP='/usr/bin/grep -E'
ac_cv_path_GREP=/usr/bin/grep
ac_cv_path_install='/usr/bin/install -c'
ac_cv_path_mkdir=/usr/bin/mkdir
ac_cv_prog_AWK=gawk
ac_cv_prog_CC=gcc
ac_cv_prog_CPP='gcc -E'
ac_cv_prog_ac_ct_CC=gcc
ac_cv_prog_ac_ct_CXX=g++
ac_cv_prog_ac_ct_RANLIB=ranlib
ac_cv_prog_cc_c89=
ac_cv_prog_cc_g=yes
ac_cv_prog_cxx_g=yes
ac_cv_prog_make_make_set=yes
ac_cv_sys_file_offset_bits=no
ac_cv_sys_largefile_CC=no
am_cv_CCAS_dependencies_compiler_type=none
am_cv_CC_dependencies_compiler_type=none
am_cv_CXX_dependencies_compiler_type=none
am_cv_make_support_nested_variables=yes
am_cv_prog_cc_c_o=yes
am_cv_prog_tar_ustar=gnutar

## ----------------- ##
## Output variables. ##
## ----------------- ##

ACLOCAL='${SHELL} /cygdrive/d/workspace/google-breakpad/autotools/missing aclocal-1.14'
AMDEPBACKSLASH='\'
AMDEP_FALSE='#'
AMDEP_TRUE=''
AMTAR='$${TAR-tar}'
AM_BACKSLASH='\'
AM_DEFAULT_V='$(AM_DEFAULT_VERBOSITY)'
AM_DEFAULT_VERBOSITY='1'
AM_V='$(V)'
ANDROID_HOST_FALSE='#'
ANDROID_HOST_TRUE=''
AUTOCONF='${SHELL} /cygdrive/d/workspace/google-breakpad/autotools/missing autoconf'
AUTOHEADER='${SHELL} /cygdrive/d/workspace/google-breakpad/autotools/missing autoheader'
AUTOMAKE='${SHELL} /cygdrive/d/workspace/google-breakpad/autotools/missing automake-1.14'
AWK='gawk'
CC='gcc'
CCAS='gcc'
CCASDEPMODE='depmode=none'
CCASFLAGS='-g -O2'
CCDEPMODE='depmode=none'
CFLAGS='-g -O2'
CPP='gcc -E'
CPPFLAGS=''
CXX='g++'
CXXDEPMODE='depmode=none'
CXXFLAGS='-g -O2'
CYGPATH_W='cygpath -w'
DEFS='-DHAVE_CONFIG_H'
DEPDIR='.deps'
DISABLE_PROCESSOR_FALSE=''
DISABLE_PROCESSOR_TRUE='#'
DISABLE_TOOLS_FALSE=''
DISABLE_TOOLS_TRUE='#'
ECHO_C=''
ECHO_N='-n'
ECHO_T=''
EGREP='/usr/bin/grep -E'
EXEEXT='.exe'
GCC_FALSE='#'
GCC_TRUE=''
GREP='/usr/bin/grep'
INSTALL_DATA='${INSTALL} -m 644'
INSTALL_PROGRAM='${INSTALL}'
INSTALL_SCRIPT='${INSTALL}'
INSTALL_STRIP_PROGRAM='$(install_sh) -c -s'
LDFLAGS=''
LIBOBJS=''
LIBS=''
LINUX_HOST_FALSE='#'
LINUX_HOST_TRUE=''
LTLIBOBJS=''
MAINT='#'
MAINTAINER_MODE_FALSE=''
MAINTAINER_MODE_TRUE='#'
MAKEINFO='${SHELL} /cygdrive/d/workspace/google-breakpad/autotools/missing makeinfo'
MKDIR_P='/usr/bin/mkdir -p'
OBJEXT='o'
PACKAGE='breakpad'
PACKAGE_BUGREPORT='google-breakpad-dev@googlegroups.com'
PACKAGE_NAME='breakpad'
PACKAGE_STRING='breakpad 0.1'
PACKAGE_TARNAME='breakpad'
PACKAGE_URL=''
PACKAGE_VERSION='0.1'
PATH_SEPARATOR=':'
PTHREAD_CC='gcc'
PTHREAD_CFLAGS=''
PTHREAD_LIBS=''
RANLIB='ranlib'
SELFTEST_FALSE=''
SELFTEST_TRUE='#'
SET_MAKE=''
SHELL='/bin/sh'
STRIP=''
VERSION='0.1'
ac_ct_CC='gcc'
ac_ct_CXX='g++'
am__EXEEXT_FALSE='#'
am__EXEEXT_TRUE=''
am__fastdepCCAS_FALSE=''
am__fastdepCCAS_TRUE='#'
am__fastdepCC_FALSE=''
am__fastdepCC_TRUE='#'
am__fastdepCXX_FALSE=''
am__fastdepCXX_TRUE='#'
am__include='include'
am__isrc=''
am__leading_dot='.'
am__nodep='_no'
am__quote=''
am__tar='tar --format=ustar -chf - "$$tardir"'
am__untar='tar -xf -'
ax_pthread_config=''
bindir='${exec_prefix}/bin'
build='arm-unknown-linux-androideabi'
build_alias='arm-linux-androideabi'
build_cpu='arm'
build_os='linux-androideabi'
build_vendor='unknown'
datadir='${datarootdir}'
datarootdir='${prefix}/share'
docdir='${datarootdir}/doc/${PACKAGE_TARNAME}'
dvidir='${docdir}'
exec_prefix='${prefix}'
host='arm-unknown-linux-androideabi'
host_alias='arm-linux-androideabi'
host_cpu='arm'
host_os='linux-androideabi'
host_vendor='unknown'
htmldir='${docdir}'
includedir='${prefix}/include'
infodir='${datarootdir}/info'
install_sh='${SHELL} /cygdrive/d/workspace/google-breakpad/autotools/install-sh'
libdir='${exec_prefix}/lib'
libexecdir='${exec_prefix}/libexec'
localedir='${datarootdir}/locale'
localstatedir='${prefix}/var'
mandir='${datarootdir}/man'
mkdir_p='$(MKDIR_P)'
oldincludedir='/usr/include'
pdfdir='${docdir}'
prefix='/usr/local'
program_transform_name='s,x,x,'
psdir='${docdir}'
sbindir='${exec_prefix}/sbin'
sharedstatedir='${prefix}/com'
sysconfdir='${prefix}/etc'
target_alias='arm-linux-androideabi'

## ----------- ##
## confdefs.h. ##
## ----------- ##

/* confdefs.h */
#define PACKAGE_NAME "breakpad"
#define PACKAGE_TARNAME "breakpad"
#define PACKAGE_VERSION "0.1"
#define PACKAGE_STRING "breakpad 0.1"
#define PACKAGE_BUGREPORT "google-breakpad-dev@googlegroups.com"
#define PACKAGE_URL ""
#define PACKAGE "breakpad"
#define VERSION "0.1"
#define STDC_HEADERS 1
#define HAVE_PTHREAD 1
#define HAVE_SYS_TYPES_H 1
#define HAVE_SYS_STAT_H 1
#define HAVE_STDLIB_H 1
#define HAVE_STRING_H 1
#define HAVE_MEMORY_H 1
#define HAVE_STRINGS_H 1
#define HAVE_INTTYPES_H 1
#define HAVE_STDINT_H 1
#define HAVE_UNISTD_H 1
#define HAVE_A_OUT_H 1

configure: exit 0
